📊 Recalculating user stats from existing data...

✅ Platform ID: 1
👥 Found 507 users

⏭️  0x5f75b205... | Bets: 6 | Minimum 10 bets required
✅ 0x2ef66b23... | Bets: 29 | Wins: 17 | Raw: 58.6% | Wilson: 40.7% | Score: 110 (skill:0 act:204 vol:0 cons:35)
✅ 0x1f347205... | Bets: 12 | Wins: 3 | Raw: 25.0% | Wilson: 8.9% | Score: 33 (skill:0 act:79 vol:95 cons:0)
✅ 0xe9ed93b7... | Bets: 57 | Wins: 25 | Raw: 43.9% | Wilson: 31.8% | Score: 238 (skill:0 act:232 vol:66 cons:0)
✅ 0xb29d5949... | Bets: 24 | Wins: 12 | Raw: 50.0% | Wilson: 31.4% | Score: 72 (skill:0 act:179 vol:11 cons:0)
✅ 0xf99e7ee7... | Bets: 77 | Wins: 38 | Raw: 49.4% | Wilson: 38.5% | Score: 284 (skill:0 act:262 vol:94 cons:0)
✅ 0x08beef88... | Bets: 11 | Wins: 7 | Raw: 63.6% | Wilson: 35.4% | Score: 34 (skill:0 act:140 vol:0 cons:56)
✅ 0xa2e16463... | Bets: 48 | Wins: 22 | Raw: 45.8% | Wilson: 32.6% | Score: 170 (skill:0 act:222 vol:0 cons:0)
⏭️  0x69a9a9c7... | Bets: 3 | Minimum 10 bets required
✅ 0xb31f2b1e... | Bets: 46 | Wins: 21 | Raw: 45.6% | Wilson: 32.1% | Score: 160 (skill:0 act:219 vol:0 cons:0)
✅ 0x41ef2bb6... | Bets: 30 | Wins: 16 | Raw: 53.3% | Wilson: 36.1% | Score: 119 (skill:0 act:199 vol:38 cons:13)
✅ 0x2eaf545c... | Bets: 31 | Wins: 14 | Raw: 45.2% | Wilson: 29.2% | Score: 94 (skill:0 act:190 vol:0 cons:0)
⏭️  0xf5aaf069... | Bets: 3 | Minimum 10 bets required
✅ 0x9c3e649f... | Bets: 42 | Wins: 20 | Raw: 47.6% | Wilson: 33.4% | Score: 196 (skill:0 act:215 vol:78 cons:0)
✅ 0x53c6ab3e... | Bets: 33 | Wins: 19 | Raw: 57.6% | Wilson: 40.8% | Score: 133 (skill:0 act:212 vol:11 cons:30)
✅ 0xc6d6b2a6... | Bets: 15 | Wins: 8 | Raw: 53.3% | Wilson: 30.1% | Score: 38 (skill:0 act:149 vol:0 cons:13)
✅ 0xd52c0d0f... | Bets: 81 | Wins: 47 | Raw: 58.0% | Wilson: 47.1% | Score: 246 (skill:0 act:277 vol:0 cons:32)
✅ 0x99289f87... | Bets: 43 | Wins: 25 | Raw: 58.1% | Wilson: 43.3% | Score: 231 (skill:0 act:232 vol:73 cons:32)
⏭️  0x09d79d04... | Bets: 3 | Minimum 10 bets required
✅ 0x452b9761... | Bets: 17 | Wins: 6 | Raw: 35.3% | Wilson: 17.3% | Score: 35 (skill:0 act:129 vol:0 cons:0)
✅ 0x75d14a02... | Bets: 29 | Wins: 17 | Raw: 58.6% | Wilson: 40.7% | Score: 110 (skill:0 act:204 vol:0 cons:35)
✅ 0xbaea0662... | Bets: 18 | Wins: 8 | Raw: 44.4% | Wilson: 24.6% | Score: 42 (skill:0 act:149 vol:0 cons:0)
✅ 0x29402173... | Bets: 14 | Wins: 7 | Raw: 50.0% | Wilson: 26.8% | Score: 31 (skill:0 act:140 vol:0 cons:0)
✅ 0xc1bbd0e8... | Bets: 23 | Wins: 15 | Raw: 65.2% | Wilson: 44.9% | Score: 99 (skill:0 act:195 vol:13 cons:63)
✅ 0x0abee38a... | Bets: 23 | Wins: 15 | Raw: 65.2% | Wilson: 44.9% | Score: 94 (skill:0 act:195 vol:0 cons:63)
✅ 0xe720e49b... | Bets: 195 | Wins: 110 | Raw: 56.4% | Wilson: 49.4% | Score: 350 (skill:0 act:338 vol:76 cons:25)
✅ 0xc2fa81ed... | Bets: 42 | Wins: 25 | Raw: 59.5% | Wilson: 44.5% | Score: 213 (skill:0 act:232 vol:48 cons:38)
⏭️  0x506d5cbb... | Bets: 8 | Minimum 10 bets required
✅ 0x8b641bfe... | Bets: 16 | Wins: 7 | Raw: 43.8% | Wilson: 23.1% | Score: 35 (skill:0 act:140 vol:0 cons:0)
✅ 0xbf340a7a... | Bets: 20 | Wins: 9 | Raw: 45.0% | Wilson: 25.8% | Score: 58 (skill:0 act:158 vol:25 cons:0)
✅ 0x5fffa26b... | Bets: 37 | Wins: 22 | Raw: 59.5% | Wilson: 43.5% | Score: 153 (skill:0 act:222 vol:0 cons:38)
✅ 0x124bce62... | Bets: 58 | Wins: 32 | Raw: 55.2% | Wilson: 42.5% | Score: 251 (skill:0 act:249 vol:46 cons:20)
✅ 0x35308ae5... | Bets: 28 | Wins: 17 | Raw: 60.7% | Wilson: 42.4% | Score: 110 (skill:0 act:204 vol:0 cons:43)
⏭️  0x6b84a5b2... | Bets: 8 | Minimum 10 bets required
✅ 0x1deeffc4... | Bets: 53 | Wins: 24 | Raw: 45.3% | Wilson: 32.7% | Score: 182 (skill:0 act:229 vol:0 cons:0)
✅ 0xacb34d29... | Bets: 55 | Wins: 32 | Raw: 58.2% | Wilson: 45.0% | Score: 225 (skill:0 act:249 vol:0 cons:33)
✅ 0x70e2ebdb... | Bets: 77 | Wins: 44 | Raw: 57.1% | Wilson: 46.0% | Score: 302 (skill:0 act:272 vol:79 cons:28)
✅ 0x7fc53fa6... | Bets: 28 | Wins: 15 | Raw: 53.6% | Wilson: 35.8% | Score: 93 (skill:0 act:195 vol:0 cons:14)
✅ 0x9eca7bbd... | Bets: 71 | Wins: 44 | Raw: 62.0% | Wilson: 50.3% | Score: 258 (skill:3 act:272 vol:0 cons:49)
✅ 0x1d392ce2... | Bets: 62 | Wins: 33 | Raw: 53.2% | Wilson: 41.0% | Score: 258 (skill:0 act:252 vol:60 cons:12)
✅ 0x1bb4e938... | Bets: 54 | Wins: 26 | Raw: 48.1% | Wilson: 35.4% | Score: 186 (skill:0 act:234 vol:0 cons:0)
✅ 0x71c4c391... | Bets: 31 | Wins: 16 | Raw: 51.6% | Wilson: 34.8% | Score: 101 (skill:0 act:199 vol:0 cons:6)
✅ 0x0129fc31... | Bets: 59 | Wins: 30 | Raw: 50.9% | Wilson: 38.4% | Score: 234 (skill:0 act:245 vol:46 cons:3)
✅ 0xdb247dfb... | Bets: 77 | Wins: 39 | Raw: 50.6% | Wilson: 39.7% | Score: 212 (skill:0 act:264 vol:0 cons:2)
⏭️  0x56f9c3c4... | Bets: 1 | Minimum 10 bets required
⏭️  0x25c9b49f... | Bets: 3 | Minimum 10 bets required
✅ 0xd953651a... | Bets: 134 | Wins: 73 | Raw: 54.5% | Wilson: 46.0% | Score: 298 (skill:0 act:309 vol:48 cons:17)
✅ 0xce6286f0... | Bets: 114 | Wins: 52 | Raw: 45.6% | Wilson: 36.8% | Score: 226 (skill:0 act:284 vol:0 cons:0)
✅ 0x34524097... | Bets: 51 | Wins: 32 | Raw: 62.8% | Wilson: 49.0% | Score: 240 (skill:0 act:249 vol:0 cons:52)
✅ 0x195ac156... | Bets: 38 | Wins: 16 | Raw: 42.1% | Wilson: 27.9% | Score: 120 (skill:0 act:199 vol:0 cons:0)
✅ 0xbdcd8bde... | Bets: 24 | Wins: 10 | Raw: 41.7% | Wilson: 24.5% | Score: 63 (skill:0 act:166 vol:0 cons:0)
✅ 0x602a8628... | Bets: 26 | Wins: 13 | Raw: 50.0% | Wilson: 32.1% | Score: 76 (skill:0 act:184 vol:0 cons:0)
✅ 0x46408c3f... | Bets: 46 | Wins: 24 | Raw: 52.2% | Wilson: 38.1% | Score: 194 (skill:0 act:229 vol:27 cons:8)
✅ 0x4bb0d626... | Bets: 82 | Wins: 53 | Raw: 64.6% | Wilson: 53.8% | Score: 348 (skill:38 act:286 vol:51 cons:61)
✅ 0x6e50a3aa... | Bets: 16 | Wins: 9 | Raw: 56.3% | Wilson: 33.2% | Score: 49 (skill:0 act:158 vol:10 cons:25)
⏭️  0x9927a58a... | Bets: 4 | Minimum 10 bets required
✅ 0x6a8897a5... | Bets: 46 | Wins: 31 | Raw: 67.4% | Wilson: 53.0% | Score: 288 (skill:29 act:247 vol:42 cons:74)
⏭️  0xc15a723d... | Bets: 3 | Minimum 10 bets required
⏭️  0x6133bfa0... | Bets: 1 | Minimum 10 bets required
⏭️  0x6965a164... | Bets: 2 | Minimum 10 bets required
✅ 0x71f9ffa7... | Bets: 21 | Wins: 10 | Raw: 47.6% | Wilson: 28.3% | Score: 55 (skill:0 act:166 vol:0 cons:0)
✅ 0x94a4c540... | Bets: 36 | Wins: 16 | Raw: 44.4% | Wilson: 29.5% | Score: 114 (skill:0 act:199 vol:0 cons:0)
✅ 0x95ed8806... | Bets: 13 | Wins: 6 | Raw: 46.1% | Wilson: 23.2% | Score: 26 (skill:0 act:129 vol:0 cons:0)
✅ 0x5f84e063... | Bets: 78 | Wins: 43 | Raw: 55.1% | Wilson: 44.1% | Score: 296 (skill:0 act:271 vol:80 cons:20)
✅ 0x4c166fe4... | Bets: 14 | Wins: 6 | Raw: 42.9% | Wilson: 21.4% | Score: 28 (skill:0 act:129 vol:0 cons:0)
✅ 0xf5639df0... | Bets: 26 | Wins: 16 | Raw: 61.5% | Wilson: 42.5% | Score: 102 (skill:0 act:199 vol:0 cons:47)
✅ 0xfacd6b0a... | Bets: 26 | Wins: 14 | Raw: 53.9% | Wilson: 35.5% | Score: 85 (skill:0 act:190 vol:0 cons:15)
⏭️  0x3b268378... | Bets: 6 | Minimum 10 bets required
✅ 0xcdd0d45f... | Bets: 18 | Wins: 9 | Raw: 50.0% | Wilson: 29.0% | Score: 45 (skill:0 act:158 vol:0 cons:0)
⏭️  0x5dc63599... | Bets: 1 | Minimum 10 bets required
✅ 0xe58ba875... | Bets: 23 | Wins: 14 | Raw: 60.9% | Wilson: 40.8% | Score: 94 (skill:0 act:190 vol:22 cons:44)
✅ 0xddb23c77... | Bets: 33 | Wins: 23 | Raw: 69.7% | Wilson: 52.7% | Score: 188 (skill:26 act:226 vol:21 cons:85)
✅ 0xdec4cef1... | Bets: 47 | Wins: 21 | Raw: 44.7% | Wilson: 31.4% | Score: 217 (skill:0 act:219 vol:70 cons:0)
⏭️  0x7b4acde2... | Bets: 2 | Minimum 10 bets required
✅ 0x18b31f86... | Bets: 30 | Wins: 13 | Raw: 43.3% | Wilson: 27.4% | Score: 91 (skill:0 act:184 vol:7 cons:0)
⏭️  0x40990590... | Bets: 4 | Minimum 10 bets required
✅ 0xce362ee3... | Bets: 40 | Wins: 15 | Raw: 37.5% | Wilson: 24.2% | Score: 124 (skill:0 act:195 vol:0 cons:0)
⏭️  0x18dce75a... | Bets: 9 | Minimum 10 bets required
✅ 0xe472bc7c... | Bets: 22 | Wins: 9 | Raw: 40.9% | Wilson: 23.3% | Score: 70 (skill:0 act:158 vol:43 cons:0)
⏭️  0x20cce544... | Bets: 4 | Minimum 10 bets required
✅ 0xc15c6d0a... | Bets: 12 | Wins: 6 | Raw: 50.0% | Wilson: 25.4% | Score: 26 (skill:0 act:129 vol:8 cons:0)
✅ 0xc8f28297... | Bets: 43 | Wins: 17 | Raw: 39.5% | Wilson: 26.4% | Score: 140 (skill:0 act:204 vol:0 cons:0)
⏭️  0x6194f4f1... | Bets: 2 | Minimum 10 bets required
⏭️  0xa57e6e1e... | Bets: 2 | Minimum 10 bets required
✅ 0x5dac71c1... | Bets: 14 | Wins: 8 | Raw: 57.1% | Wilson: 32.6% | Score: 39 (skill:0 act:149 vol:0 cons:28)
✅ 0x3d4e53e9... | Bets: 24 | Wins: 14 | Raw: 58.3% | Wilson: 38.8% | Score: 85 (skill:0 act:190 vol:0 cons:33)
⏭️  0x1f95301c... | Bets: 1 | Minimum 10 bets required
⏭️  0x0642c8cc... | Bets: 6 | Minimum 10 bets required
✅ 0x314e55e8... | Bets: 157 | Wins: 80 | Raw: 51.0% | Wilson: 43.2% | Score: 254 (skill:0 act:315 vol:0 cons:3)
✅ 0x66076258... | Bets: 58 | Wins: 31 | Raw: 53.5% | Wilson: 40.8% | Score: 217 (skill:0 act:247 vol:12 cons:13)
⏭️  0x147306c0... | Bets: 9 | Minimum 10 bets required
✅ 0x562ec64e... | Bets: 50 | Wins: 28 | Raw: 56.0% | Wilson: 42.3% | Score: 316 (skill:0 act:240 vol:132 cons:24)
✅ 0x14626e35... | Bets: 76 | Wins: 45 | Raw: 59.2% | Wilson: 48.0% | Score: 277 (skill:0 act:274 vol:37 cons:37)
✅ 0x167cf919... | Bets: 12 | Wins: 8 | Raw: 66.7% | Wilson: 39.1% | Score: 41 (skill:0 act:149 vol:0 cons:70)
✅ 0x9ffcca91... | Bets: 48 | Wins: 29 | Raw: 60.4% | Wilson: 46.3% | Score: 247 (skill:0 act:242 vol:39 cons:42)
✅ 0x0ddfd756... | Bets: 15 | Wins: 6 | Raw: 40.0% | Wilson: 19.8% | Score: 29 (skill:0 act:129 vol:0 cons:0)
⏭️  0x0b42e9af... | Bets: 2 | Minimum 10 bets required
⏭️  0xf7663f6f... | Bets: 5 | Minimum 10 bets required
✅ 0xe7d0491e... | Bets: 51 | Wins: 26 | Raw: 51.0% | Wilson: 37.7% | Score: 189 (skill:0 act:234 vol:0 cons:3)
✅ 0x3c500585... | Bets: 44 | Wins: 16 | Raw: 36.4% | Wilson: 23.8% | Score: 139 (skill:0 act:199 vol:0 cons:0)
✅ 0x56d22d09... | Bets: 33 | Wins: 20 | Raw: 60.6% | Wilson: 43.7% | Score: 136 (skill:0 act:215 vol:0 cons:43)
⏭️  0x7ff828a6... | Bets: 4 | Minimum 10 bets required
✅ 0xc0b75fed... | Bets: 36 | Wins: 21 | Raw: 58.3% | Wilson: 42.2% | Score: 189 (skill:0 act:219 vol:77 cons:33)
✅ 0xb89d7f09... | Bets: 99 | Wins: 52 | Raw: 52.5% | Wilson: 42.8% | Score: 278 (skill:0 act:284 vol:55 cons:10)
✅ 0xce148977... | Bets: 21 | Wins: 13 | Raw: 61.9% | Wilson: 40.9% | Score: 84 (skill:0 act:184 vol:20 cons:49)
⏭️  0x4fe3bccb... | Bets: 7 | Minimum 10 bets required
✅ 0xed1d4691... | Bets: 12 | Wins: 7 | Raw: 58.3% | Wilson: 31.9% | Score: 33 (skill:0 act:140 vol:0 cons:33)
⏭️  0xb7e6402c... | Bets: 4 | Minimum 10 bets required
⏭️  0xb9a13f88... | Bets: 3 | Minimum 10 bets required
✅ 0x7291add6... | Bets: 44 | Wins: 23 | Raw: 52.3% | Wilson: 37.9% | Score: 220 (skill:0 act:226 vol:79 cons:9)
✅ 0x25620af2... | Bets: 36 | Wins: 19 | Raw: 52.8% | Wilson: 37.0% | Score: 141 (skill:0 act:212 vol:24 cons:11)
⏭️  0xbc64bece... | Bets: 3 | Minimum 10 bets required
⏭️  0x4cf78be6... | Bets: 7 | Minimum 10 bets required
⏭️  0x59210718... | Bets: 1 | Minimum 10 bets required
✅ 0xb3296ec6... | Bets: 13 | Wins: 7 | Raw: 53.9% | Wilson: 29.1% | Score: 32 (skill:0 act:140 vol:0 cons:15)
✅ 0x4f6c76b1... | Bets: 10 | Wins: 6 | Raw: 60.0% | Wilson: 31.3% | Score: 26 (skill:0 act:129 vol:0 cons:40)
⏭️  0x67387a6f... | Bets: 3 | Minimum 10 bets required
✅ 0x4cf1dff5... | Bets: 18 | Wins: 12 | Raw: 66.7% | Wilson: 43.8% | Score: 71 (skill:0 act:179 vol:0 cons:70)
✅ 0xfcf1d57a... | Bets: 18 | Wins: 12 | Raw: 66.7% | Wilson: 43.8% | Score: 71 (skill:0 act:179 vol:0 cons:70)
✅ 0x210bdff8... | Bets: 18 | Wins: 12 | Raw: 66.7% | Wilson: 43.8% | Score: 71 (skill:0 act:179 vol:0 cons:70)
✅ 0x95dce2d7... | Bets: 73 | Wins: 44 | Raw: 60.3% | Wilson: 48.8% | Score: 275 (skill:0 act:272 vol:48 cons:41)
⏭️  0x4c6dd284... | Bets: 1 | Minimum 10 bets required
✅ 0xe71e9964... | Bets: 14 | Wins: 6 | Raw: 42.9% | Wilson: 21.4% | Score: 28 (skill:0 act:129 vol:0 cons:0)
⏭️  0x6e3a4be4... | Bets: 1 | Minimum 10 bets required
✅ 0x1830cff3... | Bets: 14 | Wins: 7 | Raw: 50.0% | Wilson: 26.8% | Score: 38 (skill:0 act:140 vol:30 cons:0)
⏭️  0x3b0d77ab... | Bets: 9 | Minimum 10 bets required
✅ 0xf6f984f0... | Bets: 32 | Wins: 16 | Raw: 50.0% | Wilson: 33.6% | Score: 101 (skill:0 act:199 vol:0 cons:0)
⏭️  0x14b52628... | Bets: 1 | Minimum 10 bets required
✅ 0x89750af7... | Bets: 16 | Wins: 5 | Raw: 31.3% | Wilson: 14.2% | Score: 29 (skill:0 act:116 vol:0 cons:0)
⏭️  0xc2efeb1b... | Bets: 1 | Minimum 10 bets required
✅ 0xfa82ee63... | Bets: 82 | Wins: 39 | Raw: 47.6% | Wilson: 37.1% | Score: 249 (skill:0 act:264 vol:49 cons:0)
✅ 0xa953b878... | Bets: 21 | Wins: 14 | Raw: 66.7% | Wilson: 45.4% | Score: 87 (skill:0 act:190 vol:0 cons:70)
✅ 0xf0b351db... | Bets: 19 | Wins: 10 | Raw: 52.6% | Wilson: 31.7% | Score: 65 (skill:0 act:166 vol:39 cons:10)
⏭️  0x40dc81f1... | Bets: 1 | Minimum 10 bets required
⏭️  0x52be205d... | Bets: 9 | Minimum 10 bets required
✅ 0x36a9f3c0... | Bets: 14 | Wins: 7 | Raw: 50.0% | Wilson: 26.8% | Score: 31 (skill:0 act:140 vol:0 cons:0)
⏭️  0x36ce20ea... | Bets: 4 | Minimum 10 bets required
✅ 0xc04c4125... | Bets: 29 | Wins: 9 | Raw: 31.0% | Wilson: 17.3% | Score: 69 (skill:0 act:158 vol:0 cons:0)
✅ 0x6e9a8d20... | Bets: 52 | Wins: 29 | Raw: 55.8% | Wilson: 42.3% | Score: 240 (skill:0 act:242 vol:51 cons:23)
✅ 0x71afe7bb... | Bets: 19 | Wins: 6 | Raw: 31.6% | Wilson: 15.4% | Score: 37 (skill:0 act:129 vol:0 cons:0)
✅ 0xf53be7f9... | Bets: 15 | Wins: 5 | Raw: 33.3% | Wilson: 15.2% | Score: 26 (skill:0 act:116 vol:0 cons:0)
✅ 0xed72319d... | Bets: 25 | Wins: 15 | Raw: 60.0% | Wilson: 40.7% | Score: 89 (skill:0 act:195 vol:0 cons:40)
✅ 0x0429aba8... | Bets: 72 | Wins: 39 | Raw: 54.2% | Wilson: 42.7% | Score: 213 (skill:0 act:264 vol:0 cons:16)
✅ 0x87e39413... | Bets: 51 | Wins: 22 | Raw: 43.1% | Wilson: 30.5% | Score: 176 (skill:0 act:222 vol:10 cons:0)
✅ 0xb50db97b... | Bets: 26 | Wins: 14 | Raw: 53.9% | Wilson: 35.5% | Score: 81 (skill:0 act:190 vol:0 cons:15)
✅ 0xb1ba6ed4... | Bets: 77 | Wins: 40 | Raw: 52.0% | Wilson: 41.0% | Score: 207 (skill:0 act:265 vol:0 cons:7)
✅ 0xb259f74f... | Bets: 94 | Wins: 56 | Raw: 59.6% | Wilson: 49.5% | Score: 261 (skill:0 act:290 vol:14 cons:39)
✅ 0xc85cc6aa... | Bets: 76 | Wins: 40 | Raw: 52.6% | Wilson: 41.5% | Score: 209 (skill:0 act:265 vol:0 cons:10)
✅ 0x58b46b15... | Bets: 78 | Wins: 41 | Raw: 52.6% | Wilson: 41.6% | Score: 211 (skill:0 act:267 vol:0 cons:10)
⏭️  0xc01b7c63... | Bets: 3 | Minimum 10 bets required
✅ 0x76add77d... | Bets: 28 | Wins: 17 | Raw: 60.7% | Wilson: 42.4% | Score: 105 (skill:0 act:204 vol:0 cons:43)
✅ 0xacb2ef47... | Bets: 79 | Wins: 43 | Raw: 54.4% | Wilson: 43.5% | Score: 243 (skill:0 act:271 vol:31 cons:17)
✅ 0x318cf0fb... | Bets: 12 | Wins: 7 | Raw: 58.3% | Wilson: 31.9% | Score: 31 (skill:0 act:140 vol:0 cons:33)
⏭️  0x41a923f3... | Bets: 1 | Minimum 10 bets required
✅ 0x4828180b... | Bets: 34 | Wins: 23 | Raw: 67.7% | Wilson: 50.8% | Score: 160 (skill:8 act:226 vol:0 cons:75)
⏭️  0xc1ce096e... | Bets: 4 | Minimum 10 bets required
✅ 0x71ca1b86... | Bets: 64 | Wins: 29 | Raw: 45.3% | Wilson: 33.7% | Score: 288 (skill:0 act:242 vol:136 cons:0)
✅ 0x36593086... | Bets: 43 | Wins: 26 | Raw: 60.5% | Wilson: 45.6% | Score: 181 (skill:0 act:234 vol:0 cons:42)
⏭️  0x078a4185... | Bets: 5 | Minimum 10 bets required
⏭️  0x78024933... | Bets: 4 | Minimum 10 bets required
✅ 0xcddc1d40... | Bets: 28 | Wins: 13 | Raw: 46.4% | Wilson: 29.5% | Score: 78 (skill:0 act:184 vol:0 cons:0)
✅ 0x3bd20229... | Bets: 16 | Wins: 10 | Raw: 62.5% | Wilson: 38.6% | Score: 52 (skill:0 act:166 vol:0 cons:51)
⏭️  0x755ad7de... | Bets: 6 | Minimum 10 bets required
⏭️  0x14f0d4af... | Bets: 8 | Minimum 10 bets required
⏭️  0xba54b5e7... | Bets: 8 | Minimum 10 bets required
✅ 0x4a69f11c... | Bets: 27 | Wins: 13 | Raw: 48.1% | Wilson: 30.7% | Score: 98 (skill:0 act:184 vol:55 cons:0)
⏭️  0x55e3ca6f... | Bets: 2 | Minimum 10 bets required
⏭️  0x6509f772... | Bets: 2 | Minimum 10 bets required
✅ 0x3ad1faf6... | Bets: 32 | Wins: 12 | Raw: 37.5% | Wilson: 22.9% | Score: 87 (skill:0 act:179 vol:0 cons:0)
✅ 0x89c868c1... | Bets: 14 | Wins: 8 | Raw: 57.1% | Wilson: 32.6% | Score: 43 (skill:0 act:149 vol:26 cons:28)
⏭️  0xbb201f9b... | Bets: 9 | Minimum 10 bets required
✅ 0x2a6ec7da... | Bets: 19 | Wins: 12 | Raw: 63.2% | Wilson: 41.0% | Score: 75 (skill:0 act:179 vol:27 cons:54)
✅ 0xf94f4ea5... | Bets: 57 | Wins: 32 | Raw: 56.1% | Wilson: 43.3% | Score: 253 (skill:0 act:249 vol:60 cons:24)
✅ 0x23f643d5... | Bets: 11 | Wins: 6 | Raw: 54.5% | Wilson: 28.0% | Score: 24 (skill:0 act:129 vol:0 cons:18)
✅ 0xf17fb798... | Bets: 140 | Wins: 81 | Raw: 57.9% | Wilson: 49.6% | Score: 328 (skill:0 act:316 vol:84 cons:31)
⏭️  0xcefce249... | Bets: 1 | Minimum 10 bets required
⏭️  0xeb3e95b3... | Bets: 3 | Minimum 10 bets required
✅ 0x22f41b59... | Bets: 20 | Wins: 11 | Raw: 55.0% | Wilson: 34.2% | Score: 58 (skill:0 act:172 vol:0 cons:20)
⏭️  0xddb436a8... | Bets: 7 | Minimum 10 bets required
✅ 0x454dc348... | Bets: 63 | Wins: 38 | Raw: 60.3% | Wilson: 48.0% | Score: 231 (skill:0 act:262 vol:0 cons:42)
⏭️  0x5c778b8b... | Bets: 3 | Minimum 10 bets required
⏭️  0xd053d127... | Bets: 2 | Minimum 10 bets required
✅ 0x80a6cec8... | Bets: 10 | Wins: 6 | Raw: 60.0% | Wilson: 31.3% | Score: 25 (skill:0 act:129 vol:0 cons:40)
⏭️  0x939fd0a8... | Bets: 9 | Minimum 10 bets required
✅ 0x78926519... | Bets: 20 | Wins: 11 | Raw: 55.0% | Wilson: 34.2% | Score: 58 (skill:0 act:172 vol:0 cons:20)
✅ 0x5b7d122e... | Bets: 24 | Wins: 14 | Raw: 58.3% | Wilson: 38.8% | Score: 116 (skill:0 act:190 vol:95 cons:33)
✅ 0x187ab86d... | Bets: 33 | Wins: 18 | Raw: 54.5% | Wilson: 38.0% | Score: 113 (skill:0 act:208 vol:0 cons:18)
✅ 0xdf22a693... | Bets: 18 | Wins: 10 | Raw: 55.6% | Wilson: 33.7% | Score: 51 (skill:0 act:166 vol:0 cons:22)
⏭️  0xdc997726... | Bets: 1 | Minimum 10 bets required
✅ 0xb8fee6e7... | Bets: 48 | Wins: 21 | Raw: 43.8% | Wilson: 30.7% | Score: 160 (skill:0 act:219 vol:0 cons:0)
⏭️  0xc630a376... | Bets: 1 | Minimum 10 bets required
✅ 0x4a300335... | Bets: 62 | Wins: 29 | Raw: 46.8% | Wilson: 34.9% | Score: 287 (skill:0 act:242 vol:135 cons:0)
✅ 0x87427ffc... | Bets: 15 | Wins: 6 | Raw: 40.0% | Wilson: 19.8% | Score: 33 (skill:0 act:129 vol:16 cons:0)
⏭️  0xd8ca7893... | Bets: 3 | Minimum 10 bets required
✅ 0xae4c7236... | Bets: 21 | Wins: 14 | Raw: 66.7% | Wilson: 45.4% | Score: 83 (skill:0 act:190 vol:0 cons:70)
✅ 0x30321495... | Bets: 39 | Wins: 18 | Raw: 46.1% | Wilson: 31.6% | Score: 123 (skill:0 act:208 vol:0 cons:0)
✅ 0xb51b1245... | Bets: 44 | Wins: 22 | Raw: 50.0% | Wilson: 35.8% | Score: 155 (skill:0 act:222 vol:10 cons:0)
✅ 0x24550cd6... | Bets: 31 | Wins: 10 | Raw: 32.3% | Wilson: 18.6% | Score: 78 (skill:0 act:166 vol:0 cons:0)
⏭️  0x94b723c8... | Bets: 8 | Minimum 10 bets required
✅ 0x2eb90476... | Bets: 42 | Wins: 20 | Raw: 47.6% | Wilson: 33.4% | Score: 156 (skill:0 act:215 vol:29 cons:0)
⏭️  0x8da2d50d... | Bets: 3 | Minimum 10 bets required
⏭️  0x5d439061... | Bets: 5 | Minimum 10 bets required
⏭️  0xfff3dbce... | Bets: 7 | Minimum 10 bets required
⏭️  0x1b4fe518... | Bets: 5 | Minimum 10 bets required
⏭️  0x5765c8c7... | Bets: 3 | Minimum 10 bets required
⏭️  0x1dcd90d4... | Bets: 5 | Minimum 10 bets required
⏭️  0x4028e3a4... | Bets: 2 | Minimum 10 bets required
⏭️  0x36c50916... | Bets: 5 | Minimum 10 bets required
✅ 0xe2a14a07... | Bets: 31 | Wins: 16 | Raw: 51.6% | Wilson: 34.8% | Score: 125 (skill:0 act:199 vol:60 cons:6)
✅ 0x5f94ce2b... | Bets: 16 | Wins: 10 | Raw: 62.5% | Wilson: 38.6% | Score: 52 (skill:0 act:166 vol:0 cons:51)
⏭️  0x23920528... | Bets: 1 | Minimum 10 bets required
✅ 0x533d2a7b... | Bets: 25 | Wins: 10 | Raw: 40.0% | Wilson: 23.4% | Score: 78 (skill:0 act:166 vol:39 cons:0)
✅ 0xdc30b4dd... | Bets: 21 | Wins: 11 | Raw: 52.4% | Wilson: 32.4% | Score: 57 (skill:0 act:172 vol:0 cons:9)
⏭️  0x2ea1a4d8... | Bets: 1 | Minimum 10 bets required
⏭️  0x1cc9b6f2... | Bets: 4 | Minimum 10 bets required
✅ 0xd847d478... | Bets: 32 | Wins: 21 | Raw: 65.6% | Wilson: 48.3% | Score: 138 (skill:0 act:219 vol:0 cons:65)
✅ 0x8f8dbe40... | Bets: 19 | Wins: 10 | Raw: 52.6% | Wilson: 31.7% | Score: 50 (skill:0 act:166 vol:0 cons:10)
✅ 0x07a8eb1f... | Bets: 65 | Wins: 39 | Raw: 60.0% | Wilson: 47.9% | Score: 253 (skill:0 act:264 vol:29 cons:40)
⏭️  0x4ed53895... | Bets: 5 | Minimum 10 bets required
✅ 0xadc7f71a... | Bets: 12 | Wins: 5 | Raw: 41.7% | Wilson: 19.3% | Score: 21 (skill:0 act:116 vol:0 cons:0)
⏭️  0x181f0776... | Bets: 1 | Minimum 10 bets required
⏭️  0x40180a82... | Bets: 2 | Minimum 10 bets required
✅ 0x400d3b37... | Bets: 28 | Wins: 17 | Raw: 60.7% | Wilson: 42.4% | Score: 105 (skill:0 act:204 vol:0 cons:43)
⏭️  0x5d74a6ed... | Bets: 1 | Minimum 10 bets required
⏭️  0x9ecff8aa... | Bets: 2 | Minimum 10 bets required
✅ 0xf46ad7bb... | Bets: 10 | Wins: 4 | Raw: 40.0% | Wilson: 16.8% | Score: 15 (skill:0 act:99 vol:0 cons:0)
⏭️  0xf10c548e... | Bets: 1 | Minimum 10 bets required
✅ 0x0e5057c9... | Bets: 19 | Wins: 11 | Raw: 57.9% | Wilson: 36.3% | Score: 58 (skill:0 act:172 vol:0 cons:31)
⏭️  0x24c7a61b... | Bets: 1 | Minimum 10 bets required
✅ 0xa741440f... | Bets: 14 | Wins: 4 | Raw: 28.6% | Wilson: 11.7% | Score: 21 (skill:0 act:99 vol:0 cons:0)
✅ 0x281b069b... | Bets: 47 | Wins: 20 | Raw: 42.5% | Wilson: 29.5% | Score: 153 (skill:0 act:215 vol:0 cons:0)
⏭️  0xb125a12f... | Bets: 8 | Minimum 10 bets required
⏭️  0x63920f04... | Bets: 1 | Minimum 10 bets required
✅ 0x5588f13a... | Bets: 16 | Wins: 10 | Raw: 62.5% | Wilson: 38.6% | Score: 52 (skill:0 act:166 vol:0 cons:51)
⏭️  0xfc0a7172... | Bets: 1 | Minimum 10 bets required
✅ 0x4bc031a9... | Bets: 89 | Wins: 51 | Raw: 57.3% | Wilson: 46.9% | Score: 253 (skill:0 act:283 vol:22 cons:29)
⏭️  0x33129461... | Bets: 5 | Minimum 10 bets required
✅ 0x82fe68db... | Bets: 13 | Wins: 6 | Raw: 46.1% | Wilson: 23.2% | Score: 25 (skill:0 act:129 vol:0 cons:0)
⏭️  0x3e682b9f... | Bets: 2 | Minimum 10 bets required
⏭️  0xde7d3cca... | Bets: 2 | Minimum 10 bets required
⏭️  0x08c3fcda... | Bets: 5 | Minimum 10 bets required
✅ 0x75b34445... | Bets: 41 | Wins: 19 | Raw: 46.3% | Wilson: 32.1% | Score: 131 (skill:0 act:212 vol:0 cons:0)
⏭️  0x7fe5ca68... | Bets: 1 | Minimum 10 bets required
✅ 0x773897c0... | Bets: 18 | Wins: 9 | Raw: 50.0% | Wilson: 29.0% | Score: 43 (skill:0 act:158 vol:0 cons:0)
✅ 0xb110b9e8... | Bets: 12 | Wins: 7 | Raw: 58.3% | Wilson: 31.9% | Score: 31 (skill:0 act:140 vol:0 cons:33)
⏭️  0xaffe54c0... | Bets: 6 | Minimum 10 bets required
✅ 0x0461a2d0... | Bets: 10 | Wins: 8 | Raw: 80.0% | Wilson: 49.0% | Score: 37 (skill:0 act:149 vol:0 cons:100)
✅ 0x0fc9b3a5... | Bets: 11 | Wins: 7 | Raw: 63.6% | Wilson: 35.4% | Score: 32 (skill:0 act:140 vol:0 cons:56)
⏭️  0xd5e8e5ce... | Bets: 7 | Minimum 10 bets required
⏭️  0x1844439c... | Bets: 3 | Minimum 10 bets required
⏭️  0x4a181981... | Bets: 7 | Minimum 10 bets required
✅ 0x773cc0e4... | Bets: 13 | Wins: 5 | Raw: 38.5% | Wilson: 17.7% | Score: 22 (skill:0 act:116 vol:0 cons:0)
⏭️  0x5e677771... | Bets: 6 | Minimum 10 bets required
⏭️  0xa4fd2ece... | Bets: 8 | Minimum 10 bets required
⏭️  0x85df26b1... | Bets: 3 | Minimum 10 bets required
⏭️  0x57c88caf... | Bets: 6 | Minimum 10 bets required
⏭️  0xfdc894bf... | Bets: 2 | Minimum 10 bets required
⏭️  0xc297d3df... | Bets: 4 | Minimum 10 bets required
⏭️  0x12e42f3b... | Bets: 4 | Minimum 10 bets required
✅ 0xfdbdae4d... | Bets: 14 | Wins: 7 | Raw: 50.0% | Wilson: 26.8% | Score: 29 (skill:0 act:140 vol:0 cons:0)
⏭️  0x3446b865... | Bets: 4 | Minimum 10 bets required
✅ 0x19fedb95... | Bets: 12 | Wins: 2 | Raw: 16.7% | Wilson: 4.7% | Score: 10 (skill:0 act:49 vol:7 cons:0)
⏭️  0x31795034... | Bets: 1 | Minimum 10 bets required
✅ 0x5e24d23e... | Bets: 48 | Wins: 31 | Raw: 64.6% | Wilson: 50.4% | Score: 226 (skill:4 act:247 vol:0 cons:60)
✅ 0x4e68f453... | Bets: 36 | Wins: 19 | Raw: 52.8% | Wilson: 37.0% | Score: 131 (skill:0 act:212 vol:18 cons:11)
⏭️  0x4b7cd447... | Bets: 6 | Minimum 10 bets required
⏭️  0x68f72206... | Bets: 1 | Minimum 10 bets required
✅ 0x6cb6143b... | Bets: 11 | Wins: 6 | Raw: 54.5% | Wilson: 28.0% | Score: 24 (skill:0 act:129 vol:0 cons:18)
⏭️  0x05fbf593... | Bets: 1 | Minimum 10 bets required
⏭️  0x5b86392a... | Bets: 5 | Minimum 10 bets required
⏭️  0x4f8b48b3... | Bets: 3 | Minimum 10 bets required
✅ 0x0b5f63b0... | Bets: 10 | Wins: 5 | Raw: 50.0% | Wilson: 23.7% | Score: 17 (skill:0 act:116 vol:0 cons:0)
⏭️  0xb220aece... | Bets: 3 | Minimum 10 bets required
⏭️  0xe1e85b72... | Bets: 3 | Minimum 10 bets required
⏭️  0x00bf7759... | Bets: 8 | Minimum 10 bets required
✅ 0xc97b8adc... | Bets: 10 | Wins: 5 | Raw: 50.0% | Wilson: 23.7% | Score: 21 (skill:0 act:116 vol:26 cons:0)
⏭️  0x86228164... | Bets: 1 | Minimum 10 bets required
⏭️  0xa73eb8e1... | Bets: 4 | Minimum 10 bets required
✅ 0x8214be7e... | Bets: 14 | Wins: 6 | Raw: 42.9% | Wilson: 21.4% | Score: 27 (skill:0 act:129 vol:0 cons:0)
⏭️  0x00e515e0... | Bets: 2 | Minimum 10 bets required
✅ 0x13a6bf83... | Bets: 23 | Wins: 13 | Raw: 56.5% | Wilson: 36.8% | Score: 73 (skill:0 act:184 vol:0 cons:26)
⏭️  0x4c092c22... | Bets: 1 | Minimum 10 bets required
⏭️  0xcaeda104... | Bets: 1 | Minimum 10 bets required
⏭️  0x5d34090e... | Bets: 1 | Minimum 10 bets required
⏭️  0x5f60b6e0... | Bets: 2 | Minimum 10 bets required
⏭️  0x352801e2... | Bets: 3 | Minimum 10 bets required
✅ 0x5a1696d0... | Bets: 10 | Wins: 4 | Raw: 40.0% | Wilson: 16.8% | Score: 15 (skill:0 act:99 vol:5 cons:0)
⏭️  0x41c08641... | Bets: 3 | Minimum 10 bets required
⏭️  0x47eadd3e... | Bets: 1 | Minimum 10 bets required
⏭️  0x095650e6... | Bets: 9 | Minimum 10 bets required
⏭️  0x822b38b6... | Bets: 1 | Minimum 10 bets required
⏭️  0xddc2841b... | Bets: 6 | Minimum 10 bets required
✅ 0xe55c906d... | Bets: 17 | Wins: 11 | Raw: 64.7% | Wilson: 41.3% | Score: 81 (skill:0 act:172 vol:85 cons:61)
⏭️  0x18147853... | Bets: 3 | Minimum 10 bets required
⏭️  0x2a378991... | Bets: 4 | Minimum 10 bets required
⏭️  0xc47d4c24... | Bets: 7 | Minimum 10 bets required
✅ 0x814dca70... | Bets: 16 | Wins: 7 | Raw: 43.8% | Wilson: 23.1% | Score: 34 (skill:0 act:140 vol:4 cons:0)
✅ 0x7ec3625e... | Bets: 39 | Wins: 20 | Raw: 51.3% | Wilson: 36.2% | Score: 134 (skill:0 act:215 vol:9 cons:5)
✅ 0x3a352666... | Bets: 30 | Wins: 12 | Raw: 40.0% | Wilson: 24.6% | Score: 83 (skill:0 act:179 vol:6 cons:0)
⏭️  0xb538dd31... | Bets: 3 | Minimum 10 bets required
⏭️  0xe6eabf5c... | Bets: 4 | Minimum 10 bets required
✅ 0x6c964fea... | Bets: 14 | Wins: 11 | Raw: 78.6% | Wilson: 52.4% | Score: 62 (skill:24 act:172 vol:0 cons:100)
⏭️  0x2ec9c606... | Bets: 9 | Minimum 10 bets required
⏭️  0x128caa09... | Bets: 2 | Minimum 10 bets required
⏭️  0xd2795763... | Bets: 7 | Minimum 10 bets required
⏭️  0x78636d2e... | Bets: 2 | Minimum 10 bets required
⏭️  0xfa14a4a8... | Bets: 1 | Minimum 10 bets required
✅ 0xdc3f0ccd... | Bets: 24 | Wins: 14 | Raw: 58.3% | Wilson: 38.8% | Score: 82 (skill:0 act:190 vol:6 cons:33)
⏭️  0xae46964b... | Bets: 1 | Minimum 10 bets required
⏭️  0x522cee01... | Bets: 1 | Minimum 10 bets required
⏭️  0xafb62044... | Bets: 3 | Minimum 10 bets required
⏭️  0x6557c462... | Bets: 1 | Minimum 10 bets required
✅ 0xd4696c34... | Bets: 13 | Wins: 8 | Raw: 61.5% | Wilson: 35.5% | Score: 38 (skill:0 act:149 vol:0 cons:47)
⏭️  0x1795a32a... | Bets: 7 | Minimum 10 bets required
✅ 0xdfc90e72... | Bets: 29 | Wins: 18 | Raw: 62.1% | Wilson: 44.0% | Score: 111 (skill:0 act:208 vol:0 cons:49)
⏭️  0xb176e80f... | Bets: 7 | Minimum 10 bets required
✅ 0x8997b4f9... | Bets: 15 | Wins: 10 | Raw: 66.7% | Wilson: 41.7% | Score: 61 (skill:0 act:166 vol:40 cons:70)
⏭️  0x9b87ddc6... | Bets: 3 | Minimum 10 bets required
✅ 0x38a5b266... | Bets: 17 | Wins: 9 | Raw: 52.9% | Wilson: 31.0% | Score: 42 (skill:0 act:158 vol:0 cons:11)
✅ 0x8f673d0c... | Bets: 11 | Wins: 6 | Raw: 54.5% | Wilson: 28.0% | Score: 24 (skill:0 act:129 vol:0 cons:18)
⏭️  0x3d160796... | Bets: 2 | Minimum 10 bets required
⏭️  0x23be656a... | Bets: 4 | Minimum 10 bets required
✅ 0x572da122... | Bets: 58 | Wins: 24 | Raw: 41.4% | Wilson: 29.6% | Score: 198 (skill:0 act:229 vol:37 cons:0)
✅ 0xc00a424c... | Bets: 23 | Wins: 11 | Raw: 47.8% | Wilson: 29.2% | Score: 59 (skill:0 act:172 vol:0 cons:0)
⏭️  0x9f76a709... | Bets: 7 | Minimum 10 bets required
⏭️  0x9da8b669... | Bets: 2 | Minimum 10 bets required
⏭️  0xd4187576... | Bets: 7 | Minimum 10 bets required
⏭️  0x0b641388... | Bets: 1 | Minimum 10 bets required
⏭️  0x52615760... | Bets: 8 | Minimum 10 bets required
⏭️  0x5f785d32... | Bets: 2 | Minimum 10 bets required
⏭️  0xda32b571... | Bets: 4 | Minimum 10 bets required
⏭️  0xe3c9d97b... | Bets: 4 | Minimum 10 bets required
✅ 0x413481b6... | Bets: 23 | Wins: 13 | Raw: 56.5% | Wilson: 36.8% | Score: 72 (skill:0 act:184 vol:0 cons:26)
✅ 0xd7139a58... | Bets: 12 | Wins: 5 | Raw: 41.7% | Wilson: 19.3% | Score: 23 (skill:0 act:116 vol:13 cons:0)
⏭️  0x457e97e5... | Bets: 9 | Minimum 10 bets required
⏭️  0xa1bcb1dd... | Bets: 5 | Minimum 10 bets required
⏭️  0x3252f907... | Bets: 2 | Minimum 10 bets required
⏭️  0xcb4c8029... | Bets: 6 | Minimum 10 bets required
✅ 0xb5c17cba... | Bets: 31 | Wins: 12 | Raw: 38.7% | Wilson: 23.7% | Score: 108 (skill:0 act:179 vol:55 cons:0)
⏭️  0x03f0f9d1... | Bets: 2 | Minimum 10 bets required
⏭️  0xad67e8e0... | Bets: 8 | Minimum 10 bets required
⏭️  0xafbc0b52... | Bets: 4 | Minimum 10 bets required
✅ 0x57be9bc0... | Bets: 28 | Wins: 13 | Raw: 46.4% | Wilson: 29.5% | Score: 76 (skill:0 act:184 vol:0 cons:0)
⏭️  0x892fd741... | Bets: 1 | Minimum 10 bets required
⏭️  0x875cdde2... | Bets: 8 | Minimum 10 bets required
⏭️  0xb3cc1966... | Bets: 1 | Minimum 10 bets required
⏭️  0x349b5f75... | Bets: 2 | Minimum 10 bets required
⏭️  0x69172349... | Bets: 1 | Minimum 10 bets required
✅ 0xb9d0f7b5... | Bets: 11 | Wins: 6 | Raw: 54.5% | Wilson: 28.0% | Score: 24 (skill:0 act:129 vol:0 cons:18)
⏭️  0xa09e5209... | Bets: 6 | Minimum 10 bets required
⏭️  0x1efbc9a2... | Bets: 2 | Minimum 10 bets required
⏭️  0x7c2f0864... | Bets: 3 | Minimum 10 bets required
⏭️  0xfea36692... | Bets: 6 | Minimum 10 bets required
⏭️  0xb95fb790... | Bets: 3 | Minimum 10 bets required
⏭️  0xb36104ef... | Bets: 5 | Minimum 10 bets required
⏭️  0xaa7752a2... | Bets: 2 | Minimum 10 bets required
✅ 0x5e3e3850... | Bets: 58 | Wins: 27 | Raw: 46.5% | Wilson: 34.3% | Score: 176 (skill:0 act:237 vol:0 cons:0)
✅ 0x2c2a5f95... | Bets: 49 | Wins: 24 | Raw: 49.0% | Wilson: 35.6% | Score: 167 (skill:0 act:229 vol:0 cons:0)
⏭️  0xb4e253fc... | Bets: 4 | Minimum 10 bets required
⏭️  0x6e282f3f... | Bets: 3 | Minimum 10 bets required
⏭️  0xe95d71ef... | Bets: 7 | Minimum 10 bets required
⏭️  0x39be179b... | Bets: 6 | Minimum 10 bets required
⏭️  0x49810e4c... | Bets: 6 | Minimum 10 bets required
⏭️  0x5bbf0b79... | Bets: 3 | Minimum 10 bets required
✅ 0xbd6d2131... | Bets: 34 | Wins: 18 | Raw: 52.9% | Wilson: 36.7% | Score: 105 (skill:0 act:208 vol:0 cons:11)
✅ 0x2839bce2... | Bets: 11 | Wins: 4 | Raw: 36.4% | Wilson: 15.2% | Score: 15 (skill:0 act:99 vol:0 cons:0)
⏭️  0xe2690f59... | Bets: 2 | Minimum 10 bets required
⏭️  0x81c919fd... | Bets: 2 | Minimum 10 bets required
⏭️  0x61f72d40... | Bets: 9 | Minimum 10 bets required
✅ 0xe121e47f... | Bets: 10 | Wins: 6 | Raw: 60.0% | Wilson: 31.3% | Score: 24 (skill:0 act:129 vol:0 cons:40)
⏭️  0x9a2b222a... | Bets: 1 | Minimum 10 bets required
⏭️  0x36daf1af... | Bets: 5 | Minimum 10 bets required
⏭️  0xeabd6861... | Bets: 1 | Minimum 10 bets required
✅ 0xff37bb0c... | Bets: 32 | Wins: 20 | Raw: 62.5% | Wilson: 45.3% | Score: 136 (skill:0 act:215 vol:34 cons:51)
✅ 0x27c5c02d... | Bets: 22 | Wins: 10 | Raw: 45.5% | Wilson: 26.9% | Score: 60 (skill:0 act:166 vol:27 cons:0)
⏭️  0x6dae729b... | Bets: 8 | Minimum 10 bets required
⏭️  0xcd2616e5... | Bets: 4 | Minimum 10 bets required
✅ 0x6fc21d58... | Bets: 10 | Wins: 6 | Raw: 60.0% | Wilson: 31.3% | Score: 24 (skill:0 act:129 vol:1 cons:40)
⏭️  0x4668b27c... | Bets: 4 | Minimum 10 bets required
✅ 0xb1ffa3d1... | Bets: 10 | Wins: 5 | Raw: 50.0% | Wilson: 23.7% | Score: 16 (skill:0 act:116 vol:0 cons:0)
⏭️  0x6148563e... | Bets: 5 | Minimum 10 bets required
⏭️  0x4a29c824... | Bets: 2 | Minimum 10 bets required
⏭️  0x3d9ef4b1... | Bets: 2 | Minimum 10 bets required
⏭️  0x7eccd9b1... | Bets: 2 | Minimum 10 bets required
⏭️  0x50bfa4a5... | Bets: 1 | Minimum 10 bets required
⏭️  0x71118ad0... | Bets: 5 | Minimum 10 bets required
⏭️  0x5143fbdc... | Bets: 6 | Minimum 10 bets required
⏭️  0xe405cfa1... | Bets: 1 | Minimum 10 bets required
✅ 0xff64d560... | Bets: 11 | Wins: 6 | Raw: 54.5% | Wilson: 28.0% | Score: 22 (skill:0 act:129 vol:0 cons:18)
⏭️  0x859b3c6f... | Bets: 3 | Minimum 10 bets required
✅ 0x1dc35510... | Bets: 10 | Wins: 4 | Raw: 40.0% | Wilson: 16.8% | Score: 14 (skill:0 act:99 vol:0 cons:0)
⏭️  0x4adcf456... | Bets: 5 | Minimum 10 bets required
⏭️  0x814dbf9b... | Bets: 1 | Minimum 10 bets required
⏭️  0x51a8c126... | Bets: 2 | Minimum 10 bets required
✅ 0x1ad3b98d... | Bets: 10 | Wins: 5 | Raw: 50.0% | Wilson: 23.7% | Score: 16 (skill:0 act:116 vol:0 cons:0)
⏭️  0x6534ef76... | Bets: 5 | Minimum 10 bets required
⏭️  0x55102d07... | Bets: 1 | Minimum 10 bets required
⏭️  0xa77e9d16... | Bets: 1 | Minimum 10 bets required
⏭️  0x9101e0a8... | Bets: 1 | Minimum 10 bets required
✅ 0x64f0ee6f... | Bets: 22 | Wins: 11 | Raw: 50.0% | Wilson: 30.7% | Score: 48 (skill:0 act:172 vol:0 cons:0)
✅ 0x041c68e7... | Bets: 15 | Wins: 7 | Raw: 46.7% | Wilson: 24.8% | Score: 26 (skill:0 act:140 vol:0 cons:0)
⏭️  0x7da55faa... | Bets: 6 | Minimum 10 bets required
✅ 0x9e3e504a... | Bets: 12 | Wins: 5 | Raw: 41.7% | Wilson: 19.3% | Score: 18 (skill:0 act:116 vol:6 cons:0)
⏭️  0x9c890e8a... | Bets: 1 | Minimum 10 bets required
✅ 0xdb2135c3... | Bets: 31 | Wins: 15 | Raw: 48.4% | Wilson: 32.0% | Score: 77 (skill:0 act:195 vol:0 cons:0)
✅ 0xcd382e3f... | Bets: 22 | Wins: 12 | Raw: 54.5% | Wilson: 34.7% | Score: 55 (skill:0 act:179 vol:0 cons:18)
⏭️  0x5cce90c5... | Bets: 2 | Minimum 10 bets required
✅ 0xad5b5e0d... | Bets: 55 | Wins: 26 | Raw: 47.3% | Wilson: 34.7% | Score: 149 (skill:0 act:234 vol:0 cons:0)
✅ 0x6a19a215... | Bets: 14 | Wins: 9 | Raw: 64.3% | Wilson: 38.8% | Score: 45 (skill:0 act:158 vol:36 cons:59)
⏭️  0xa78c325b... | Bets: 7 | Minimum 10 bets required
⏭️  0x2805fbe8... | Bets: 1 | Minimum 10 bets required
⏭️  0x2bb826e9... | Bets: 1 | Minimum 10 bets required
✅ 0x70712723... | Bets: 18 | Wins: 9 | Raw: 50.0% | Wilson: 29.0% | Score: 36 (skill:0 act:158 vol:0 cons:0)
✅ 0x5cc0aa74... | Bets: 55 | Wins: 31 | Raw: 56.4% | Wilson: 43.3% | Score: 173 (skill:0 act:247 vol:0 cons:25)
⏭️  0x1a08fe6e... | Bets: 2 | Minimum 10 bets required
⏭️  0x41f66668... | Bets: 1 | Minimum 10 bets required
⏭️  0xe84a85bb... | Bets: 4 | Minimum 10 bets required
⏭️  0xca200894... | Bets: 2 | Minimum 10 bets required
⏭️  0x26838db0... | Bets: 9 | Minimum 10 bets required
✅ 0x49aafb6b... | Bets: 16 | Wins: 7 | Raw: 43.8% | Wilson: 23.1% | Score: 30 (skill:0 act:140 vol:7 cons:0)
✅ 0xca345d96... | Bets: 13 | Wins: 8 | Raw: 61.5% | Wilson: 35.5% | Score: 39 (skill:0 act:149 vol:44 cons:47)
✅ 0x2377e3a9... | Bets: 28 | Wins: 16 | Raw: 57.1% | Wilson: 39.1% | Score: 93 (skill:0 act:199 vol:33 cons:28)
⏭️  0x29082e2f... | Bets: 4 | Minimum 10 bets required
⏭️  0x68138c3f... | Bets: 7 | Minimum 10 bets required
⏭️  0x579ed2d4... | Bets: 4 | Minimum 10 bets required
⏭️  0x61844598... | Bets: 2 | Minimum 10 bets required
⏭️  0x3a435929... | Bets: 1 | Minimum 10 bets required
⏭️  0xf3aab663... | Bets: 4 | Minimum 10 bets required
⏭️  0x032f32f3... | Bets: 1 | Minimum 10 bets required
✅ 0x1bcce9d8... | Bets: 42 | Wins: 23 | Raw: 54.8% | Wilson: 40.0% | Score: 171 (skill:0 act:226 vol:74 cons:19)
⏭️  0xca5a614f... | Bets: 1 | Minimum 10 bets required
⏭️  0x36793e1d... | Bets: 7 | Minimum 10 bets required
✅ 0x2c105cd0... | Bets: 22 | Wins: 13 | Raw: 59.1% | Wilson: 38.7% | Score: 61 (skill:0 act:184 vol:0 cons:36)
⏭️  0x9e9141e2... | Bets: 6 | Minimum 10 bets required
⏭️  0xfbd7f763... | Bets: 6 | Minimum 10 bets required
✅ 0x87e38f3e... | Bets: 18 | Wins: 11 | Raw: 61.1% | Wilson: 38.6% | Score: 49 (skill:0 act:172 vol:0 cons:45)
⏭️  0x86a3141d... | Bets: 2 | Minimum 10 bets required
✅ 0xbb2cc462... | Bets: 17 | Wins: 9 | Raw: 52.9% | Wilson: 31.0% | Score: 36 (skill:0 act:158 vol:0 cons:11)
⏭️  0xf61091c8... | Bets: 1 | Minimum 10 bets required
⏭️  0x199b214c... | Bets: 2 | Minimum 10 bets required
⏭️  0xa90e0934... | Bets: 1 | Minimum 10 bets required
⏭️  0x5eb77ed7... | Bets: 9 | Minimum 10 bets required
⏭️  0xa2349bc9... | Bets: 3 | Minimum 10 bets required
✅ 0xd677597f... | Bets: 21 | Wins: 10 | Raw: 47.6% | Wilson: 28.3% | Score: 44 (skill:0 act:166 vol:0 cons:0)
⏭️  0xbda49ccf... | Bets: 2 | Minimum 10 bets required
⏭️  0xc09b9363... | Bets: 1 | Minimum 10 bets required
✅ 0x39f6529d... | Bets: 20 | Wins: 12 | Raw: 60.0% | Wilson: 38.7% | Score: 55 (skill:0 act:179 vol:0 cons:40)
✅ 0x4e9f7bcc... | Bets: 19 | Wins: 6 | Raw: 31.6% | Wilson: 15.4% | Score: 31 (skill:0 act:129 vol:0 cons:0)
⏭️  0xded898e4... | Bets: 7 | Minimum 10 bets required
⏭️  0xdf1f6c4a... | Bets: 2 | Minimum 10 bets required
✅ 0xe7003909... | Bets: 13 | Wins: 5 | Raw: 38.5% | Wilson: 17.7% | Score: 27 (skill:0 act:116 vol:52 cons:0)
⏭️  0xaa5dd6a9... | Bets: 1 | Minimum 10 bets required
⏭️  0x58ab7df3... | Bets: 4 | Minimum 10 bets required
⏭️  0xabc10fc2... | Bets: 4 | Minimum 10 bets required
✅ 0xafeb5143... | Bets: 17 | Wins: 8 | Raw: 47.1% | Wilson: 26.2% | Score: 37 (skill:0 act:149 vol:26 cons:0)
⏭️  0x494d2231... | Bets: 2 | Minimum 10 bets required
⏭️  0x7463e180... | Bets: 1 | Minimum 10 bets required
⏭️  0xd1df9fed... | Bets: 3 | Minimum 10 bets required
⏭️  0xd7cd9ee4... | Bets: 1 | Minimum 10 bets required
⏭️  0x567041f4... | Bets: 2 | Minimum 10 bets required
⏭️  0x2490c846... | Bets: 1 | Minimum 10 bets required
✅ 0x3dc17bc9... | Bets: 12 | Wins: 4 | Raw: 33.3% | Wilson: 13.8% | Score: 15 (skill:0 act:99 vol:0 cons:0)
✅ 0xb844fb87... | Bets: 22 | Wins: 10 | Raw: 45.5% | Wilson: 26.9% | Score: 47 (skill:0 act:166 vol:2 cons:0)
⏭️  0x016e4e97... | Bets: 5 | Minimum 10 bets required
⏭️  0x1ed8a4ce... | Bets: 1 | Minimum 10 bets required
⏭️  0x882f4302... | Bets: 3 | Minimum 10 bets required
⏭️  0xfeef8d0c... | Bets: 3 | Minimum 10 bets required
✅ 0x9a6b4cd4... | Bets: 14 | Wins: 10 | Raw: 71.4% | Wilson: 45.4% | Score: 46 (skill:0 act:166 vol:0 cons:94)
⏭️  0xb2535a6e... | Bets: 1 | Minimum 10 bets required
✅ 0xef63a493... | Bets: 12 | Wins: 7 | Raw: 58.3% | Wilson: 31.9% | Score: 26 (skill:0 act:140 vol:0 cons:33)
⏭️  0x5b4025a2... | Bets: 7 | Minimum 10 bets required
⏭️  0xc762a0fe... | Bets: 2 | Minimum 10 bets required
⏭️  0x416beba5... | Bets: 2 | Minimum 10 bets required
✅ 0xe3816ccb... | Bets: 12 | Wins: 7 | Raw: 58.3% | Wilson: 31.9% | Score: 26 (skill:0 act:140 vol:0 cons:33)
✅ 0x8d6521f7... | Bets: 10 | Wins: 5 | Raw: 50.0% | Wilson: 23.7% | Score: 14 (skill:0 act:116 vol:0 cons:0)
⏭️  0x31bc19d5... | Bets: 3 | Minimum 10 bets required
⏭️  0xd3db7f88... | Bets: 2 | Minimum 10 bets required
⏭️  0xa2f3b15a... | Bets: 1 | Minimum 10 bets required
⏭️  0x9176af4d... | Bets: 2 | Minimum 10 bets required
⏭️  0xb080f63e... | Bets: 6 | Minimum 10 bets required
⏭️  0x510340b7... | Bets: 2 | Minimum 10 bets required
✅ 0x6bd03d11... | Bets: 11 | Wins: 4 | Raw: 36.4% | Wilson: 15.2% | Score: 13 (skill:0 act:99 vol:0 cons:0)
✅ 0x7b2c648e... | Bets: 11 | Wins: 6 | Raw: 54.5% | Wilson: 28.0% | Score: 20 (skill:0 act:129 vol:0 cons:18)
⏭️  0xcdfc3423... | Bets: 3 | Minimum 10 bets required
⏭️  0xeb74a24c... | Bets: 3 | Minimum 10 bets required
⏭️  0xf0d18d00... | Bets: 2 | Minimum 10 bets required
⏭️  0x472718a3... | Bets: 2 | Minimum 10 bets required
⏭️  0xd8d834d3... | Bets: 3 | Minimum 10 bets required
⏭️  0x106864c6... | Bets: 1 | Minimum 10 bets required
⏭️  0x29901a02... | Bets: 1 | Minimum 10 bets required
⏭️  0x0edac100... | Bets: 1 | Minimum 10 bets required
⏭️  0x2be92118... | Bets: 1 | Minimum 10 bets required
⏭️  0x19885494... | Bets: 1 | Minimum 10 bets required
⏭️  0x44df3daf... | Bets: 1 | Minimum 10 bets required
⏭️  0xf3322c99... | Bets: 2 | Minimum 10 bets required
⏭️  0xebbcb239... | Bets: 1 | Minimum 10 bets required

📊 Stats Recalculation Complete!
   Updated: 496 users
   Skipped: 11 users (no bets)
